samples/color-blob-detection/build/intermediates/manifest_merge_blame_file/debug/manifest-merger-blame-debug-report.txt
1<?xml version="1.0" encoding="utf-8"?>
2<manifest xmlns:android="http://schemas.android.com/apk/res/android"
3    package="org.opencv.samples.colorblobdetect"
4    android:versionCode="301"
5    android:versionName="3.01" >
6
7    <uses-sdk
8        android:minSdkVersion="21"
8-->samples/color-blob-detection/AndroidManifest.xml
9        android:targetSdkVersion="26" />
9-->samples/color-blob-detection/AndroidManifest.xml
10
11    <supports-screens
11-->samples/color-blob-detection/AndroidManifest.xml:22:5-26:51
12        android:anyDensity="true"
12-->samples/color-blob-detection/AndroidManifest.xml:26:23-48
13        android:largeScreens="true"
13-->samples/color-blob-detection/AndroidManifest.xml:25:23-50
14        android:normalScreens="true"
14-->samples/color-blob-detection/AndroidManifest.xml:24:23-51
15        android:resizeable="true"
15-->samples/color-blob-detection/AndroidManifest.xml:22:23-48
16        android:smallScreens="true" />
16-->samples/color-blob-detection/AndroidManifest.xml:23:23-50
17
18    <uses-permission android:name="android.permission.CAMERA" />
18-->samples/color-blob-detection/AndroidManifest.xml:28:5-64
18-->samples/color-blob-detection/AndroidManifest.xml:28:22-62
19
20    <uses-feature
20-->samples/color-blob-detection/AndroidManifest.xml:30:5-84
21        android:name="android.hardware.camera"
21-->samples/color-blob-detection/AndroidManifest.xml:30:19-57
22        android:required="false" />
22-->samples/color-blob-detection/AndroidManifest.xml:30:58-82
23    <uses-feature
23-->samples/color-blob-detection/AndroidManifest.xml:31:5-94
24        android:name="android.hardware.camera.autofocus"
24-->samples/color-blob-detection/AndroidManifest.xml:31:19-67
25        android:required="false" />
25-->samples/color-blob-detection/AndroidManifest.xml:31:68-92
26    <uses-feature
26-->samples/color-blob-detection/AndroidManifest.xml:32:5-90
27        android:name="android.hardware.camera.front"
27-->samples/color-blob-detection/AndroidManifest.xml:32:19-63
28        android:required="false" />
28-->samples/color-blob-detection/AndroidManifest.xml:32:64-88
29    <uses-feature
29-->samples/color-blob-detection/AndroidManifest.xml:33:5-100
30        android:name="android.hardware.camera.front.autofocus"
30-->samples/color-blob-detection/AndroidManifest.xml:33:19-73
31        android:required="false" />
31-->samples/color-blob-detection/AndroidManifest.xml:33:74-98
32
33    <application
33-->samples/color-blob-detection/AndroidManifest.xml:6:5-20:19
34        android:debuggable="true"
35        android:icon="@drawable/icon"
35-->samples/color-blob-detection/AndroidManifest.xml:8:9-38
36        android:label="@string/app_name"
36-->samples/color-blob-detection/AndroidManifest.xml:7:9-41
37        android:testOnly="true"
38        android:theme="@android:style/Theme.NoTitleBar.Fullscreen" >
38-->samples/color-blob-detection/AndroidManifest.xml:9:9-67
39        <activity
39-->samples/color-blob-detection/AndroidManifest.xml:11:9-19:20
40            android:name="org.opencv.samples.colorblobdetect.ColorBlobDetectionActivity"
40-->samples/color-blob-detection/AndroidManifest.xml:11:19-60
41            android:configChanges="keyboardHidden|orientation"
41-->samples/color-blob-detection/AndroidManifest.xml:14:19-69
42            android:label="@string/app_name"
42-->samples/color-blob-detection/AndroidManifest.xml:12:19-51
43            android:screenOrientation="landscape" >
43-->samples/color-blob-detection/AndroidManifest.xml:13:19-56
44            <intent-filter>
44-->samples/color-blob-detection/AndroidManifest.xml:15:13-18:29
45                <action android:name="android.intent.action.MAIN" />
45-->samples/color-blob-detection/AndroidManifest.xml:16:17-69
45-->samples/color-blob-detection/AndroidManifest.xml:16:25-66
46
47                <category android:name="android.intent.category.LAUNCHER" />
47-->samples/color-blob-detection/AndroidManifest.xml:17:17-77
47-->samples/color-blob-detection/AndroidManifest.xml:17:27-74
48            </intent-filter>
49        </activity>
50    </application>
51
52</manifest>